Declarations of the global constants
Declarations of the global library constants
Declarations of the global constants
Declarations of the global library constants
Interface of POU 'MAIN1MS'
Declarations of the global variables
Data allocation
Check task configuration
Implementation of POU 'FB_SFC_CHIPBREAKER_AUTO'
Implementation of POU 'FB_SFC_CHIPBREAKER_AUTO.ACT_Stepper'
Error 4022: FB_SFC_CHIPBREAKER_AUTO.ACT_Stepper (519): Operand expected
Error 4120: FB_SFC_CHIPBREAKER_AUTO.ACT_Stepper (1055): '.' needs structure variable
Error 4024: FB_SFC_CHIPBREAKER_AUTO.ACT_Stepper (1055): Expecting ELSIF, ELSE or END_IF before ''
Error 4263: FB_SFC_CHIPBREAKER_AUTO.ACT_Stepper (1055): Expecting Number, 'ELSE' or 'END_CASE'
Implementation of POU 'Main1ms'
Implementation of POU 'Main1ms.ACT_AXIS_EXT_ENC'
Implementation of POU 'Main1ms.ACT_LightBarrier'
Implementation of POU 'Main1ms.ACT_LightBarrier_Solution'
Implementation of POU 'Main1ms.ACT_TkMeasuring'
Implementation of POU 'Main1ms.ACT_TouchSensor'
Implementation of POU 'Main1ms.ACT_UPS_PERSDATA'
Implementation of task 'Main10ms'
Implementation of task 'Main1ms'
Implementation of task 'Main20ms'
